<?xml version="1.0" encoding="UTF-8"?>
<testsuite xmlns:xsi="http://www.w3.org/2001/XMLSchema-instance" xsi:noNamespaceSchemaLocation="https://maven.apache.org/surefire/maven-surefire-plugin/xsd/surefire-test-report-3.0.xsd" version="3.0" name="org.bitbucket.veysiertekin.sudoku_validator.validation.InputSizeValidationCommandTest" time="0.015" tests="4" errors="0" skipped="0" failures="0">
  <properties>
[...]
</properties>
  <testcase name="checkInputFormat(Integer[][], Boolean)[1]" classname="org.bitbucket.veysiertekin.sudoku_validator.validation.InputSizeValidationCommandTest" time="0.002">
    <system-err><![CDATA[Invalid row count! Input row count: 0
]]></system-err>
  </testcase>
  <testcase name="checkInputFormat(Integer[][], Boolean)[2]" classname="org.bitbucket.veysiertekin.sudoku_validator.validation.InputSizeValidationCommandTest" time="0.001">
    <system-err><![CDATA[Invalid row count! Input row count: 0
]]></system-err>
  </testcase>
  <testcase name="checkInputFormat(Integer[][], Boolean)[3]" classname="org.bitbucket.veysiertekin.sudoku_validator.validation.InputSizeValidationCommandTest" time="0.003">
    <system-err><![CDATA[Invalid row count! Input row count: 1
]]></system-err>
  </testcase>
  <testcase name="checkInputFormat(Integer[][], Boolean)[4]" classname="org.bitbucket.veysiertekin.sudoku_validator.validation.InputSizeValidationCommandTest" time="0.002"/>
</testsuite>